07:05:19 **** Incremental Build of configuration Nios II for project proj4 ****
make all 
Info: Building ../proj4_bsp/
C:/altera/15.1/nios2eds/bin/gnu/H-x86_64-mingw32/bin/make --no-print-directory -C ../proj4_bsp/
[BSP build complete]
Info: Compiling hello_world_small.c to obj/default/hello_world_small.o
nios2-elf-gcc -xc -MP -MMD -c -I../proj4_bsp//HAL/inc -I../proj4_bsp/ -I../proj4_bsp//drivers/inc  -pipe -D__hal__ -DALT_NO_C_PLUS_PLUS -DALT_NO_CLEAN_EXIT -D'exit(a)=_exit(a)' -DALT_NO_EXIT -DALT_USE_DIRECT_DRIVERS -DALT_NO_INSTRUCTION_EMULATION -DALT_USE_SMALL_DRIVERS -DSMALL_C_LIB -DALT_SINGLE_THREADED    -Os -g -Wall   -mno-hw-div -mno-hw-mul -mno-hw-mulx  -o obj/default/hello_world_small.o hello_world_small.c
hello_world_small.c: In function 'main':
hello_world_small.c:53:2: warning: implicit declaration of function 'calloc' [-Wimplicit-function-declaration]
  char* pBuffer = calloc(BUFFER_SIZE, sizeof(char));
  ^
hello_world_small.c:53:18: warning: incompatible implicit declaration of built-in function 'calloc'
  char* pBuffer = calloc(BUFFER_SIZE, sizeof(char));
                  ^
hello_world_small.c:91:25: warning: overflow in implicit constant conversion [-Woverflow]
      *data_bus_output = 0b1010011110;
                         ^
hello_world_small.c:108:10: warning: unused variable 'cRec' [-Wunused-variable]
     char cRec = (*data_bus_input >> 1) & 0b0011111111;
          ^
hello_world_small.c:107:9: warning: unused variable 'parity' [-Wunused-variable]
     int parity = *data_bus_input & 0x01;
         ^
Info: Linking proj4.elf
nios2-elf-g++  -T'../proj4_bsp//linker.x' -msys-crt0='../proj4_bsp//obj/HAL/src/crt0.o' -msys-lib=hal_bsp -L../proj4_bsp/  -msmallc  -Wl,-Map=proj4.map   -Os -g -Wall   -mno-hw-div -mno-hw-mul -mno-hw-mulx  -o proj4.elf obj/default/hello_world_small.o -lm -msys-lib=m
nios2-elf-insert proj4.elf --thread_model hal --cpu_name cpu --qsys true --simulation_enabled false --stderr_dev jtag_uart --stdin_dev jtag_uart --stdout_dev jtag_uart --sopc_system_name lab4CPU --quartus_project_dir "C:/Users/blomqcon/Desktop/ee371Projects/assignment_4/lab4_2" --jdi C:/Users/blomqcon/Desktop/ee371Projects/assignment_4/lab4_2/software/proj4_bsp/../../nios2_quartus2_project.jdi --sopcinfo C:/Users/blomqcon/Desktop/ee371Projects/assignment_4/lab4_2/software/proj4_bsp/../../lab4CPU.sopcinfo
Info: (proj4.elf) 3460 Bytes program size (code + initialized data).
Info:             12 KBytes free for stack + heap.
Info: Creating proj4.objdump
nios2-elf-objdump --disassemble --syms --all-header --source proj4.elf >proj4.objdump
[proj4 build complete]

07:05:20 Build Finished (took 1s.150ms)

