20:39:51 **** Incremental Build of configuration Nios II for project space_invaders ****
make all 
Info: Building ../space_invaders_bsp/
C:/altera/15.1/nios2eds/bin/gnu/H-x86_64-mingw32/bin/make --no-print-directory -C ../space_invaders_bsp/
[BSP build complete]
Info: Compiling data_structures_constants.c to obj/default/data_structures_constants.o
nios2-elf-gcc -xc -MP -MMD -c -I../space_invaders_bsp//HAL/inc -I../space_invaders_bsp/ -I../space_invaders_bsp//drivers/inc  -pipe -D__hal__ -DALT_NO_C_PLUS_PLUS -DALT_NO_CLEAN_EXIT -D'exit(a)=_exit(a)' -DALT_NO_EXIT -DALT_USE_DIRECT_DRIVERS -DALT_NO_INSTRUCTION_EMULATION -DALT_USE_SMALL_DRIVERS -DSMALL_C_LIB -DALT_SINGLE_THREADED    -Os -g -Wall   -mno-hw-div -mno-hw-mul -mno-hw-mulx  -o obj/default/data_structures_constants.o data_structures_constants.c
Info: Compiling display.c to obj/default/display.o
nios2-elf-gcc -xc -MP -MMD -c -I../space_invaders_bsp//HAL/inc -I../space_invaders_bsp/ -I../space_invaders_bsp//drivers/inc  -pipe -D__hal__ -DALT_NO_C_PLUS_PLUS -DALT_NO_CLEAN_EXIT -D'exit(a)=_exit(a)' -DALT_NO_EXIT -DALT_USE_DIRECT_DRIVERS -DALT_NO_INSTRUCTION_EMULATION -DALT_USE_SMALL_DRIVERS -DSMALL_C_LIB -DALT_SINGLE_THREADED    -Os -g -Wall   -mno-hw-div -mno-hw-mul -mno-hw-mulx  -o obj/default/display.o display.c
display.c: In function 'initRandomAliens':
display.c:18:13: warning: implicit declaration of function 'rand' [-Wimplicit-function-declaration]
             int type = rand() % 3;
             ^
display.c: In function 'printAlienSlice':
display.c:37:32: warning: initialization discards 'const' qualifier from pointer target type
         char* alienApperence = getAlienApperence(alien.type);
                                ^
display.c:43:17: warning: implicit declaration of function 'putchar' [-Wimplicit-function-declaration]
                 putchar(alien.rowId + 48);
                 ^
display.c: In function 'printSlice':
display.c:58:5: warning: implicit declaration of function 'printf' [-Wimplicit-function-declaration]
     printf("\n");
     ^
display.c:58:5: warning: incompatible implicit declaration of built-in function 'printf'
display.c: In function 'printVoid':
display.c:73:9: warning: incompatible implicit declaration of built-in function 'printf'
         printf("\n");
         ^
display.c: At top level:
display.c:77:1: warning: return type defaults to 'int' [-Wreturn-type]
 printGunnerSlice(int gunnerX, int slice) {
 ^
display.c: In function 'printGunnerSlice':
display.c:83:9: warning: incompatible implicit declaration of built-in function 'printf'
         printf(" ");
         ^
display.c: In function 'printGunner':
display.c:94:9: warning: incompatible implicit declaration of built-in function 'printf'
         printf("\n");
         ^
display.c: In function 'updateDisplay':
display.c:100:5: warning: implicit declaration of function 'system' [-Wimplicit-function-declaration]
     system("cls");
     ^
display.c: In function 'printGunnerSlice':
display.c:88:1: warning: control reaches end of non-void function [-Wreturn-type]
 }
 ^
Info: Compiling gamelogic.c to obj/default/gamelogic.o
nios2-elf-gcc -xc -MP -MMD -c -I../space_invaders_bsp//HAL/inc -I../space_invaders_bsp/ -I../space_invaders_bsp//drivers/inc  -pipe -D__hal__ -DALT_NO_C_PLUS_PLUS -DALT_NO_CLEAN_EXIT -D'exit(a)=_exit(a)' -DALT_NO_EXIT -DALT_USE_DIRECT_DRIVERS -DALT_NO_INSTRUCTION_EMULATION -DALT_USE_SMALL_DRIVERS -DSMALL_C_LIB -DALT_SINGLE_THREADED    -Os -g -Wall   -mno-hw-div -mno-hw-mul -mno-hw-mulx  -o obj/default/gamelogic.o gamelogic.c
gamelogic.c: In function 'initializeGame':
gamelogic.c:9:5: warning: implicit declaration of function 'srand' [-Wimplicit-function-declaration]
     srand(time(NULL)); //Seed random number generator
     ^
Info: Compiling main.c to obj/default/main.o
nios2-elf-gcc -xc -MP -MMD -c -I../space_invaders_bsp//HAL/inc -I../space_invaders_bsp/ -I../space_invaders_bsp//drivers/inc  -pipe -D__hal__ -DALT_NO_C_PLUS_PLUS -DALT_NO_CLEAN_EXIT -D'exit(a)=_exit(a)' -DALT_NO_EXIT -DALT_USE_DIRECT_DRIVERS -DALT_NO_INSTRUCTION_EMULATION -DALT_USE_SMALL_DRIVERS -DSMALL_C_LIB -DALT_SINGLE_THREADED    -Os -g -Wall   -mno-hw-div -mno-hw-mul -mno-hw-mulx  -o obj/default/main.o main.c
Info: Compiling sram.c to obj/default/sram.o
nios2-elf-gcc -xc -MP -MMD -c -I../space_invaders_bsp//HAL/inc -I../space_invaders_bsp/ -I../space_invaders_bsp//drivers/inc  -pipe -D__hal__ -DALT_NO_C_PLUS_PLUS -DALT_NO_CLEAN_EXIT -D'exit(a)=_exit(a)' -DALT_NO_EXIT -DALT_USE_DIRECT_DRIVERS -DALT_NO_INSTRUCTION_EMULATION -DALT_USE_SMALL_DRIVERS -DSMALL_C_LIB -DALT_SINGLE_THREADED    -Os -g -Wall   -mno-hw-div -mno-hw-mul -mno-hw-mulx  -o obj/default/sram.o sram.c
Info: Linking space_invaders.elf
nios2-elf-g++  -T'../space_invaders_bsp//linker.x' -msys-crt0='../space_invaders_bsp//obj/HAL/src/crt0.o' -msys-lib=hal_bsp -L../space_invaders_bsp/  -msmallc  -Wl,-Map=space_invaders.map   -Os -g -Wall   -mno-hw-div -mno-hw-mul -mno-hw-mulx  -o space_invaders.elf obj/default/data_structures_constants.o obj/default/display.o obj/default/gamelogic.o obj/default/main.o obj/default/sram.o -lm -msys-lib=m
nios2-elf-insert space_invaders.elf --thread_model hal --cpu_name cpu --qsys true --simulation_enabled false --stderr_dev jtag_uart --stdin_dev jtag_uart --stdout_dev jtag_uart --sopc_system_name lab5CPU --quartus_project_dir "C:/Users/blomqcon/Desktop/ee371Projects/assignment_5/lab5" --jdi C:/Users/blomqcon/Desktop/ee371Projects/assignment_5/lab5/software/space_invaders_bsp/../../nios2_quartus2_project.jdi --sopcinfo C:/Users/blomqcon/Desktop/ee371Projects/assignment_5/lab5/software/space_invaders_bsp/../../lab5CPU.sopcinfo
Info: (space_invaders.elf) 10 KBytes program size (code + initialized data).
Info:                      5084 Bytes free for stack + heap.
Info: Creating space_invaders.objdump
nios2-elf-objdump --disassemble --syms --all-header --source space_invaders.elf >space_invaders.objdump
[space_invaders build complete]
20:40:02 **** Build of configuration Nios II for project space_invaders ****
make all 
Info: Building ../space_invaders_bsp/
C:/altera/15.1/nios2eds/bin/gnu/H-x86_64-mingw32/bin/make --no-print-directory -C ../space_invaders_bsp/
[BSP build complete]
[space_invaders build complete]
20:40:03 **** Incremental Build of configuration Nios II for project space_invaders ****
make all 
Info: Building ../space_invaders_bsp/
C:/altera/15.1/nios2eds/bin/gnu/H-x86_64-mingw32/bin/make --no-print-directory -C ../space_invaders_bsp/
[BSP build complete]
[space_invaders build complete]
