Flow report for nios2_quartus2_project
Tue Mar 08 14:19:20 2016
Quartus Prime Version 15.1.1 Build 189 12/02/2015 SJ Standard Edition


---------------------
; Table of Contents ;
---------------------
  1. Legal Notice
  2. Flow Summary
  3. Flow Settings
  4. Flow Non-Default Global Settings
  5. Flow Elapsed Time
  6. Flow OS Summary
  7. Flow Log
  8. Flow Messages
  9. Flow Suppressed Messages



----------------
; Legal Notice ;
----------------
Copyright (C) 1991-2015 Altera Corporation. All rights reserved.
Your use of Altera Corporation's design tools, logic functions 
and other software and tools, and its AMPP partner logic 
functions, and any output files from any of the foregoing 
(including device programming or simulation files), and any 
associated documentation or information are expressly subject 
to the terms and conditions of the Altera Program License 
Subscription Agreement, the Altera Quartus Prime License Agreement,
the Altera MegaCore Function License Agreement, or other 
applicable license agreement, including, without limitation, 
that your use is for the sole purpose of programming logic 
devices manufactured by Altera and sold by Altera or its 
authorized distributors.  Please refer to the applicable 
agreement for further details.



+-----------------------------------------------------------------------------------+
; Flow Summary                                                                      ;
+---------------------------------+-------------------------------------------------+
; Flow Status                     ; Successful - Tue Mar 08 14:19:05 2016           ;
; Quartus Prime Version           ; 15.1.1 Build 189 12/02/2015 SJ Standard Edition ;
; Revision Name                   ; nios2_quartus2_project                          ;
; Top-level Entity Name           ; DE1_SoC                                         ;
; Family                          ; Cyclone V                                       ;
; Device                          ; 5CSEMA5F31C6                                    ;
; Timing Models                   ; Final                                           ;
; Logic utilization (in ALMs)     ; 1,408 / 32,070 ( 4 % )                          ;
; Total registers                 ; 1970                                            ;
; Total pins                      ; 55 / 457 ( 12 % )                               ;
; Total virtual pins              ; 0                                               ;
; Total block memory bits         ; 666,624 / 4,065,280 ( 16 % )                    ;
; Total PLLs                      ; 0 / 6 ( 0 % )                                   ;
; Total DLLs                      ; 0 / 4 ( 0 % )                                   ;
; Total DSP Blocks                ; 0 / 87 ( 0 % )                                  ;
; Total HSSI RX PCSs              ; 0                                               ;
; Total HSSI PMA RX Deserializers ; 0                                               ;
; Total HSSI TX PCSs              ; 0                                               ;
; Total HSSI PMA TX Serializers   ; 0                                               ;
+---------------------------------+-------------------------------------------------+


+--------------------------------------------+
; Flow Settings                              ;
+-------------------+------------------------+
; Option            ; Setting                ;
+-------------------+------------------------+
; Start date & time ; 03/08/2016 13:00:38    ;
; Main task         ; Compilation            ;
; Revision Name     ; nios2_quartus2_project ;
+-------------------+------------------------+


+-----------------------------------------------------------------------------------------------------------------------------------------------------+
; Flow Non-Default Global Settings                                                                                                                    ;
+-------------------------------------+-----------------------------------------------------------+------------------------+-------------+------------+
; Assignment Name                     ; Value                                                     ; Default Value          ; Entity Name ; Section Id ;
+-------------------------------------+-----------------------------------------------------------+------------------------+-------------+------------+
; COMPILER_SIGNATURE_ID               ; 203178703705033.145747083802364                           ; --                     ; --          ; --         ;
; MAX_CORE_JUNCTION_TEMP              ; 85                                                        ; --                     ; --          ; --         ;
; MIN_CORE_JUNCTION_TEMP              ; 0                                                         ; --                     ; --          ; --         ;
; MISC_FILE                           ; lab5CPU/synthesis/../lab5CPU.cmp                          ; --                     ; --          ; --         ;
; MISC_FILE                           ; lab5CPU/synthesis/../../lab5CPU.qsys                      ; --                     ; --          ; --         ;
; OUTPUT_IO_TIMING_FAR_END_VMEAS      ; Half Signal Swing                                         ; --                     ; --          ; --         ;
; OUTPUT_IO_TIMING_FAR_END_VMEAS      ; Half Signal Swing                                         ; --                     ; --          ; --         ;
; OUTPUT_IO_TIMING_NEAR_END_VMEAS     ; Half Vccio                                                ; --                     ; --          ; --         ;
; OUTPUT_IO_TIMING_NEAR_END_VMEAS     ; Half Vccio                                                ; --                     ; --          ; --         ;
; PARTITION_COLOR                     ; 16764057                                                  ; --                     ; DE1_SoC     ; Top        ;
; PARTITION_FITTER_PRESERVATION_LEVEL ; PLACEMENT_AND_ROUTING                                     ; --                     ; DE1_SoC     ; Top        ;
; PARTITION_NETLIST_TYPE              ; SOURCE                                                    ; --                     ; DE1_SoC     ; Top        ;
; POWER_BOARD_THERMAL_MODEL           ; None (CONSERVATIVE)                                       ; --                     ; --          ; --         ;
; POWER_PRESET_COOLING_SOLUTION       ; 23 MM HEAT SINK WITH 200 LFPM AIRFLOW                     ; --                     ; --          ; --         ;
; SLD_FILE                            ; lab5CPU/synthesis/lab5CPU.regmap                          ; --                     ; --          ; --         ;
; SLD_FILE                            ; lab5CPU/synthesis/lab5CPU.debuginfo                       ; --                     ; --          ; --         ;
; SLD_INFO                            ; QSYS_NAME lab5CPU HAS_SOPCINFO 1 GENERATION_ID 1457455501 ; --                     ; lab5CPU     ; --         ;
; SMART_RECOMPILE                     ; On                                                        ; Off                    ; --          ; --         ;
; SOPCINFO_FILE                       ; lab5CPU/synthesis/../../lab5CPU.sopcinfo                  ; --                     ; --          ; --         ;
; SYNTHESIS_ONLY_QIP                  ; On                                                        ; --                     ; --          ; --         ;
; TOP_LEVEL_ENTITY                    ; DE1_SoC                                                   ; nios2_quartus2_project ; --          ; --         ;
+-------------------------------------+-----------------------------------------------------------+------------------------+-------------+------------+


+-------------------------------------------------------------------------------------------------------------------------------+
; Flow Elapsed Time                                                                                                             ;
+---------------------------+--------------+-------------------------+---------------------+------------------------------------+
; Module Name               ; Elapsed Time ; Average Processors Used ; Peak Virtual Memory ; Total CPU Time (on all processors) ;
+---------------------------+--------------+-------------------------+---------------------+------------------------------------+
; Analysis & Synthesis      ; 00:01:04     ; 1.0                     ; 1086 MB             ; 00:01:59                           ;
; Fitter                    ; 00:00:55     ; 1.1                     ; 2787 MB             ; 00:02:03                           ;
; Assembler                 ; 00:00:11     ; 1.0                     ; 909 MB              ; 00:00:11                           ;
; TimeQuest Timing Analyzer ; 00:00:09     ; 1.4                     ; 1268 MB             ; 00:00:13                           ;
; Analysis & Synthesis      ; 00:01:09     ; 1.0                     ; 1108 MB             ; 00:02:08                           ;
; Partition Merge           ; 00:00:03     ; 1.0                     ; 1007 MB             ; 00:00:03                           ;
; Fitter                    ; 00:01:05     ; 1.1                     ; 2859 MB             ; 00:02:09                           ;
; Assembler                 ; 00:00:12     ; 1.0                     ; 932 MB              ; 00:00:12                           ;
; TimeQuest Timing Analyzer ; 00:00:11     ; 2.3                     ; 1296 MB             ; 00:00:19                           ;
; Analysis & Synthesis      ; 00:01:06     ; 1.0                     ; 1094 MB             ; 00:02:11                           ;
; Partition Merge           ; 00:00:04     ; 1.0                     ; 1017 MB             ; 00:00:03                           ;
; Fitter                    ; 00:01:07     ; 1.1                     ; 2845 MB             ; 00:02:15                           ;
; Assembler                 ; 00:00:12     ; 1.0                     ; 938 MB              ; 00:00:12                           ;
; TimeQuest Timing Analyzer ; 00:00:11     ; 1.6                     ; 1297 MB             ; 00:00:19                           ;
; Total                     ; 00:07:39     ; --                      ; --                  ; 00:14:17                           ;
+---------------------------+--------------+-------------------------+---------------------+------------------------------------+


+----------------------------------------------------------------------------------------+
; Flow OS Summary                                                                        ;
+---------------------------+------------------+-----------+------------+----------------+
; Module Name               ; Machine Hostname ; OS Name   ; OS Version ; Processor type ;
+---------------------------+------------------+-----------+------------+----------------+
; Analysis & Synthesis      ; EE-137PC32       ; Windows 8 ; 6.2        ; x86_64         ;
; Fitter                    ; EE-137PC32       ; Windows 8 ; 6.2        ; x86_64         ;
; Assembler                 ; EE-137PC32       ; Windows 8 ; 6.2        ; x86_64         ;
; TimeQuest Timing Analyzer ; EE-137PC32       ; Windows 8 ; 6.2        ; x86_64         ;
; Analysis & Synthesis      ; EE-137PC32       ; Windows 8 ; 6.2        ; x86_64         ;
; Partition Merge           ; EE-137PC32       ; Windows 8 ; 6.2        ; x86_64         ;
; Fitter                    ; EE-137PC32       ; Windows 8 ; 6.2        ; x86_64         ;
; Assembler                 ; EE-137PC32       ; Windows 8 ; 6.2        ; x86_64         ;
; TimeQuest Timing Analyzer ; EE-137PC32       ; Windows 8 ; 6.2        ; x86_64         ;
; Analysis & Synthesis      ; EE-137PC32       ; Windows 8 ; 6.2        ; x86_64         ;
; Partition Merge           ; EE-137PC32       ; Windows 8 ; 6.2        ; x86_64         ;
; Fitter                    ; EE-137PC32       ; Windows 8 ; 6.2        ; x86_64         ;
; Assembler                 ; EE-137PC32       ; Windows 8 ; 6.2        ; x86_64         ;
; TimeQuest Timing Analyzer ; EE-137PC32       ; Windows 8 ; 6.2        ; x86_64         ;
+---------------------------+------------------+-----------+------------+----------------+


------------
; Flow Log ;
------------
quartus_map --read_settings_files=on --write_settings_files=off nios2_quartus2_project -c nios2_quartus2_project
quartus_fit --read_settings_files=off --write_settings_files=off nios2_quartus2_project -c nios2_quartus2_project
quartus_asm --read_settings_files=off --write_settings_files=off nios2_quartus2_project -c nios2_quartus2_project
quartus_sta nios2_quartus2_project -c nios2_quartus2_project
quartus_map --read_settings_files=on --write_settings_files=off nios2_quartus2_project -c nios2_quartus2_project
quartus_cdb --read_settings_files=off --write_settings_files=off nios2_quartus2_project -c nios2_quartus2_project --merge=on
quartus_fit --read_settings_files=off --write_settings_files=off nios2_quartus2_project -c nios2_quartus2_project
quartus_asm --read_settings_files=off --write_settings_files=off nios2_quartus2_project -c nios2_quartus2_project
quartus_sta nios2_quartus2_project -c nios2_quartus2_project
quartus_map --read_settings_files=on --write_settings_files=off nios2_quartus2_project -c nios2_quartus2_project
quartus_cdb --read_settings_files=off --write_settings_files=off nios2_quartus2_project -c nios2_quartus2_project --merge=on
quartus_fit --read_settings_files=off --write_settings_files=off nios2_quartus2_project -c nios2_quartus2_project
quartus_asm --read_settings_files=off --write_settings_files=off nios2_quartus2_project -c nios2_quartus2_project
quartus_sta nios2_quartus2_project -c nios2_quartus2_project



