13:07:18 **** Incremental Build of configuration Nios II for project interlock2 ****
make all 
Info: Building ../interlock2_bsp/
C:/altera/15.1/nios2eds/bin/gnu/H-x86_64-mingw32/bin/make --no-print-directory -C ../interlock2_bsp/
[BSP build complete]
[interlock2 build complete]
13:07:23 **** Build of configuration Nios II for project interlock2 ****
make all 
Info: Building ../interlock2_bsp/
C:/altera/15.1/nios2eds/bin/gnu/H-x86_64-mingw32/bin/make --no-print-directory -C ../interlock2_bsp/
[BSP build complete]
[interlock2 build complete]
13:07:24 **** Incremental Build of configuration Nios II for project interlock2 ****
make all 
Info: Building ../interlock2_bsp/
C:/altera/15.1/nios2eds/bin/gnu/H-x86_64-mingw32/bin/make --no-print-directory -C ../interlock2_bsp/
[BSP build complete]
[interlock2 build complete]
13:11:39 **** Build of configuration Nios II for project interlock2 ****
make all 
Info: Building ../interlock2_bsp/
C:/altera/15.1/nios2eds/bin/gnu/H-x86_64-mingw32/bin/make --no-print-directory -C ../interlock2_bsp/
[BSP build complete]
[interlock2 build complete]
13:11:39 **** Incremental Build of configuration Nios II for project interlock2 ****
make all 
Info: Building ../interlock2_bsp/
C:/altera/15.1/nios2eds/bin/gnu/H-x86_64-mingw32/bin/make --no-print-directory -C ../interlock2_bsp/
[BSP build complete]
[interlock2 build complete]
13:49:52 **** Build of configuration Nios II for project interlock2 ****
make all 
Info: Building ../interlock2_bsp/
C:/altera/15.1/nios2eds/bin/gnu/H-x86_64-mingw32/bin/make --no-print-directory -C ../interlock2_bsp/
[BSP build complete]
[interlock2 build complete]
13:49:54 **** Incremental Build of configuration Nios II for project interlock2 ****
make all 
Info: Building ../interlock2_bsp/
C:/altera/15.1/nios2eds/bin/gnu/H-x86_64-mingw32/bin/make --no-print-directory -C ../interlock2_bsp/
[BSP build complete]
[interlock2 build complete]
