13:27:27 **** Build of configuration Nios II for project hello_world_3 ****
make all 
Info: Building ../hello_world_3_bsp/
C:/altera/15.1/nios2eds/bin/gnu/H-x86_64-mingw32/bin/make --no-print-directory -C ../hello_world_3_bsp/
[BSP build complete]
[hello_world_3 build complete]
13:27:31 **** Build of configuration Nios II for project hello_world_3 ****
make all 
Info: Building ../hello_world_3_bsp/
C:/altera/15.1/nios2eds/bin/gnu/H-x86_64-mingw32/bin/make --no-print-directory -C ../hello_world_3_bsp/
[BSP build complete]
[hello_world_3 build complete]
13:27:43 **** Incremental Build of configuration Nios II for project hello_world_3 ****
make all 
Info: Building ../hello_world_3_bsp/
C:/altera/15.1/nios2eds/bin/gnu/H-x86_64-mingw32/bin/make --no-print-directory -C ../hello_world_3_bsp/
[BSP build complete]
[hello_world_3 build complete]
13:47:40 **** Build of configuration Nios II for project hello_world_1 ****
make all 
Info: Building ../hello_world_1_bsp/
C:/altera/15.1/nios2eds/bin/gnu/H-x86_64-mingw32/bin/make --no-print-directory -C ../hello_world_1_bsp/
[BSP build complete]
[hello_world_1 build complete]
13:47:52 **** Incremental Build of configuration Nios II for project hello_world_1 ****
make all 
Info: Building ../hello_world_1_bsp/
C:/altera/15.1/nios2eds/bin/gnu/H-x86_64-mingw32/bin/make --no-print-directory -C ../hello_world_1_bsp/
[BSP build complete]
[hello_world_1 build complete]
13:48:06 **** Build of configuration Nios II for project hello_world_3 ****
make all 
Info: Building ../hello_world_3_bsp/
C:/altera/15.1/nios2eds/bin/gnu/H-x86_64-mingw32/bin/make --no-print-directory -C ../hello_world_3_bsp/
[BSP build complete]
[hello_world_3 build complete]
13:48:07 **** Incremental Build of configuration Nios II for project hello_world_3 ****
make all 
Info: Building ../hello_world_3_bsp/
C:/altera/15.1/nios2eds/bin/gnu/H-x86_64-mingw32/bin/make --no-print-directory -C ../hello_world_3_bsp/
[BSP build complete]
[hello_world_3 build complete]
