05:05:06 **** Incremental Build of configuration Nios II for project sram_test ****
make all 
Info: Building ../sram_test_bsp/
C:/altera/15.1/nios2eds/bin/gnu/H-x86_64-mingw32/bin/make --no-print-directory -C ../sram_test_bsp/
[BSP build complete]
Info: Compiling hello_world_small.c to obj/default/hello_world_small.o
nios2-elf-gcc -xc -MP -MMD -c -I../sram_test_bsp//HAL/inc -I../sram_test_bsp/ -I../sram_test_bsp//drivers/inc  -pipe -D__hal__ -DALT_NO_C_PLUS_PLUS -DALT_NO_CLEAN_EXIT -D'exit(a)=_exit(a)' -DALT_NO_EXIT -DALT_USE_DIRECT_DRIVERS -DALT_NO_INSTRUCTION_EMULATION -DALT_USE_SMALL_DRIVERS -DSMALL_C_LIB -DALT_SINGLE_THREADED    -Os -g -Wall   -mno-hw-div -mno-hw-mul -mno-hw-mulx  -o obj/default/hello_world_small.o hello_world_small.c
hello_world_small.c: In function 'main':
hello_world_small.c:52:5: warning: "/*" within comment [-Wcomment]
    //*leds = (char)i;
 ^
Info: Linking sram_test.elf
nios2-elf-g++  -T'../sram_test_bsp//linker.x' -msys-crt0='../sram_test_bsp//obj/HAL/src/crt0.o' -msys-lib=hal_bsp -L../sram_test_bsp/  -msmallc  -Wl,-Map=sram_test.map   -Os -g -Wall   -mno-hw-div -mno-hw-mul -mno-hw-mulx  -o sram_test.elf obj/default/hello_world_small.o -lm -msys-lib=m
nios2-elf-insert sram_test.elf --thread_model hal --cpu_name cpu --qsys true --simulation_enabled false --stderr_dev jtag_uart --stdin_dev jtag_uart --stdout_dev jtag_uart --sopc_system_name test --quartus_project_dir "C:/Users/blomqcon/Desktop/sram" --jdi C:/Users/blomqcon/Desktop/sram/software/sram_test_bsp/../../nios2_quartus2_project.jdi --sopcinfo C:/Users/blomqcon/Desktop/sram/software/sram_test_bsp/../../test.sopcinfo
Info: (sram_test.elf) 1252 Bytes program size (code + initialized data).
Info:                 2840 Bytes free for stack + heap.
Info: Creating sram_test.objdump
nios2-elf-objdump --disassemble --syms --all-header --source sram_test.elf >sram_test.objdump
[sram_test build complete]
05:05:20 **** Build of configuration Nios II for project sram_test ****
make all 
Info: Building ../sram_test_bsp/
C:/altera/15.1/nios2eds/bin/gnu/H-x86_64-mingw32/bin/make --no-print-directory -C ../sram_test_bsp/
[BSP build complete]
[sram_test build complete]
05:05:21 **** Incremental Build of configuration Nios II for project sram_test ****
make all 
Info: Building ../sram_test_bsp/
C:/altera/15.1/nios2eds/bin/gnu/H-x86_64-mingw32/bin/make --no-print-directory -C ../sram_test_bsp/
[BSP build complete]
[sram_test build complete]
