Analysis & Elaboration report for nios2_quartus2_project
Tue Feb 16 13:11:38 2016
Quartus Prime Version 15.1.1 Build 189 12/02/2015 SJ Standard Edition


---------------------
; Table of Contents ;
---------------------
  1. Legal Notice
  2. Analysis & Elaboration Summary
  3. Parallel Compilation
  4. Analysis & Elaboration Settings
  5. Analysis & Elaboration Messages
  6. Analysis & Elaboration Suppressed Messages



----------------
; Legal Notice ;
----------------
Copyright (C) 1991-2015 Altera Corporation. All rights reserved.
Your use of Altera Corporation's design tools, logic functions 
and other software and tools, and its AMPP partner logic 
functions, and any output files from any of the foregoing 
(including device programming or simulation files), and any 
associated documentation or information are expressly subject 
to the terms and conditions of the Altera Program License 
Subscription Agreement, the Altera Quartus Prime License Agreement,
the Altera MegaCore Function License Agreement, or other 
applicable license agreement, including, without limitation, 
that your use is for the sole purpose of programming logic 
devices manufactured by Altera and sold by Altera or its 
authorized distributors.  Please refer to the applicable 
agreement for further details.



+---------------------------------------------------------------------------------+
; Analysis & Elaboration Summary                                                  ;
+-------------------------------+-------------------------------------------------+
; Analysis & Elaboration Status ; Failed - Tue Feb 16 13:11:38 2016               ;
; Quartus Prime Version         ; 15.1.1 Build 189 12/02/2015 SJ Standard Edition ;
; Revision Name                 ; nios2_quartus2_project                          ;
; Top-level Entity Name         ; DE1_SoC                                         ;
; Family                        ; Cyclone V                                       ;
; Logic utilization (in ALMs)   ; N/A until Partition Merge                       ;
; Total registers               ; N/A until Partition Merge                       ;
; Total pins                    ; N/A until Partition Merge                       ;
; Total virtual pins            ; N/A until Partition Merge                       ;
; Total block memory bits       ; N/A until Partition Merge                       ;
; Total PLLs                    ; N/A until Partition Merge                       ;
; Total DLLs                    ; N/A until Partition Merge                       ;
+-------------------------------+-------------------------------------------------+


+------------------------------------------+
; Parallel Compilation                     ;
+----------------------------+-------------+
; Processors                 ; Number      ;
+----------------------------+-------------+
; Number detected on machine ; 8           ;
; Maximum allowed            ; 4           ;
;                            ;             ;
; Average used               ; 1.00        ;
; Maximum used               ; 1           ;
;                            ;             ;
; Usage by Processor         ; % Time Used ;
;     Processor 1            ; 100.0%      ;
+----------------------------+-------------+


+-------------------------------------------------------------------------------------------------------------------------------+
; Analysis & Elaboration Settings                                                                                               ;
+---------------------------------------------------------------------------------+--------------------+------------------------+
; Option                                                                          ; Setting            ; Default Value          ;
+---------------------------------------------------------------------------------+--------------------+------------------------+
; Device                                                                          ; 5CSEMA5F31C6       ;                        ;
; Top-level entity name                                                           ; DE1_SoC            ; nios2_quartus2_project ;
; Family name                                                                     ; Cyclone V          ; Cyclone IV GX          ;
; Use smart compilation                                                           ; On                 ; Off                    ;
; Enable parallel Assembler and TimeQuest Timing Analyzer during compilation      ; On                 ; On                     ;
; Enable compact report table                                                     ; Off                ; Off                    ;
; Restructure Multiplexers                                                        ; Auto               ; Auto                   ;
; MLAB Add Timing Constraints For Mixed-Port Feed-Through Mode Setting Don't Care ; Off                ; Off                    ;
; Create Debugging Nodes for IP Cores                                             ; Off                ; Off                    ;
; Preserve fewer node names                                                       ; On                 ; On                     ;
; Disable OpenCore Plus hardware evaluation                                       ; Off                ; Off                    ;
; Verilog Version                                                                 ; Verilog_2001       ; Verilog_2001           ;
; VHDL Version                                                                    ; VHDL_1993          ; VHDL_1993              ;
; State Machine Processing                                                        ; Auto               ; Auto                   ;
; Safe State Machine                                                              ; Off                ; Off                    ;
; Extract Verilog State Machines                                                  ; On                 ; On                     ;
; Extract VHDL State Machines                                                     ; On                 ; On                     ;
; Ignore Verilog initial constructs                                               ; Off                ; Off                    ;
; Iteration limit for constant Verilog loops                                      ; 5000               ; 5000                   ;
; Iteration limit for non-constant Verilog loops                                  ; 250                ; 250                    ;
; Add Pass-Through Logic to Inferred RAMs                                         ; On                 ; On                     ;
; Infer RAMs from Raw Logic                                                       ; On                 ; On                     ;
; Parallel Synthesis                                                              ; On                 ; On                     ;
; DSP Block Balancing                                                             ; Auto               ; Auto                   ;
; NOT Gate Push-Back                                                              ; On                 ; On                     ;
; Power-Up Don't Care                                                             ; On                 ; On                     ;
; Remove Redundant Logic Cells                                                    ; Off                ; Off                    ;
; Remove Duplicate Registers                                                      ; On                 ; On                     ;
; Ignore CARRY Buffers                                                            ; Off                ; Off                    ;
; Ignore CASCADE Buffers                                                          ; Off                ; Off                    ;
; Ignore GLOBAL Buffers                                                           ; Off                ; Off                    ;
; Ignore ROW GLOBAL Buffers                                                       ; Off                ; Off                    ;
; Ignore LCELL Buffers                                                            ; Off                ; Off                    ;
; Ignore SOFT Buffers                                                             ; On                 ; On                     ;
; Limit AHDL Integers to 32 Bits                                                  ; Off                ; Off                    ;
; Optimization Technique                                                          ; Balanced           ; Balanced               ;
; Carry Chain Length                                                              ; 70                 ; 70                     ;
; Auto Carry Chains                                                               ; On                 ; On                     ;
; Auto Open-Drain Pins                                                            ; On                 ; On                     ;
; Perform WYSIWYG Primitive Resynthesis                                           ; Off                ; Off                    ;
; Auto ROM Replacement                                                            ; On                 ; On                     ;
; Auto RAM Replacement                                                            ; On                 ; On                     ;
; Auto DSP Block Replacement                                                      ; On                 ; On                     ;
; Auto Shift Register Replacement                                                 ; Auto               ; Auto                   ;
; Allow Shift Register Merging across Hierarchies                                 ; Auto               ; Auto                   ;
; Auto Clock Enable Replacement                                                   ; On                 ; On                     ;
; Strict RAM Replacement                                                          ; Off                ; Off                    ;
; Allow Synchronous Control Signals                                               ; On                 ; On                     ;
; Force Use of Synchronous Clear Signals                                          ; Off                ; Off                    ;
; Auto Resource Sharing                                                           ; Off                ; Off                    ;
; Allow Any RAM Size For Recognition                                              ; Off                ; Off                    ;
; Allow Any ROM Size For Recognition                                              ; Off                ; Off                    ;
; Allow Any Shift Register Size For Recognition                                   ; Off                ; Off                    ;
; Use LogicLock Constraints during Resource Balancing                             ; On                 ; On                     ;
; Ignore translate_off and synthesis_off directives                               ; Off                ; Off                    ;
; Timing-Driven Synthesis                                                         ; On                 ; On                     ;
; Report Parameter Settings                                                       ; On                 ; On                     ;
; Report Source Assignments                                                       ; On                 ; On                     ;
; Report Connectivity Checks                                                      ; On                 ; On                     ;
; Ignore Maximum Fan-Out Assignments                                              ; Off                ; Off                    ;
; Synchronization Register Chain Length                                           ; 3                  ; 3                      ;
; PowerPlay Power Optimization During Synthesis                                   ; Normal compilation ; Normal compilation     ;
; HDL message level                                                               ; Level2             ; Level2                 ;
; Suppress Register Optimization Related Messages                                 ; Off                ; Off                    ;
; Number of Removed Registers Reported in Synthesis Report                        ; 5000               ; 5000                   ;
; Number of Swept Nodes Reported in Synthesis Report                              ; 5000               ; 5000                   ;
; Number of Inverted Registers Reported in Synthesis Report                       ; 100                ; 100                    ;
; Clock MUX Protection                                                            ; On                 ; On                     ;
; Auto Gated Clock Conversion                                                     ; Off                ; Off                    ;
; Block Design Naming                                                             ; Auto               ; Auto                   ;
; SDC constraint protection                                                       ; Off                ; Off                    ;
; Synthesis Effort                                                                ; Auto               ; Auto                   ;
; Shift Register Replacement - Allow Asynchronous Clear Signal                    ; On                 ; On                     ;
; Pre-Mapping Resynthesis Optimization                                            ; Off                ; Off                    ;
; Analysis & Synthesis Message Level                                              ; Medium             ; Medium                 ;
; Disable Register Merging Across Hierarchies                                     ; Auto               ; Auto                   ;
; Resource Aware Inference For Block RAM                                          ; On                 ; On                     ;
; Synthesis Seed                                                                  ; 1                  ; 1                      ;
; Automatic Parallel Synthesis                                                    ; On                 ; On                     ;
; Partial Reconfiguration Bitstream ID                                            ; Off                ; Off                    ;
+---------------------------------------------------------------------------------+--------------------+------------------------+


+---------------------------------+
; Analysis & Elaboration Messages ;
+---------------------------------+
Info: *******************************************************************
Info: Running Quartus Prime Analysis & Elaboration
    Info: Version 15.1.1 Build 189 12/02/2015 SJ Standard Edition
    Info: Processing started: Tue Feb 16 13:11:28 2016
Info: Command: quartus_map --read_settings_files=on --write_settings_files=off nios2_quartus2_project -c nios2_quartus2_project --analysis_and_elaboration
Info (20030): Parallel compilation is enabled and will use 4 of the 4 processors detected
Info (12021): Found 1 design units, including 1 entities, in source file lab4cpu/synthesis/lab4cpu.v
    Info (12023): Found entity 1: lab4CPU File: C:/Users/blomqcon/Desktop/ee371Projects/assignment_4/lab4/lab4CPU/synthesis/lab4CPU.v Line: 6
Info (12021): Found 1 design units, including 1 entities, in source file lab4cpu/synthesis/submodules/altera_reset_controller.v
    Info (12023): Found entity 1: altera_reset_controller File: C:/Users/blomqcon/Desktop/ee371Projects/assignment_4/lab4/lab4CPU/synthesis/submodules/altera_reset_controller.v Line: 42
Info (12021): Found 1 design units, including 1 entities, in source file lab4cpu/synthesis/submodules/altera_reset_synchronizer.v
    Info (12023): Found entity 1: altera_reset_synchronizer File: C:/Users/blomqcon/Desktop/ee371Projects/assignment_4/lab4/lab4CPU/synthesis/submodules/altera_reset_synchronizer.v Line: 24
Info (12021): Found 1 design units, including 1 entities, in source file lab4cpu/synthesis/submodules/lab4cpu_irq_mapper.sv
    Info (12023): Found entity 1: lab4CPU_irq_mapper File: C:/Users/blomqcon/Desktop/ee371Projects/assignment_4/lab4/lab4CPU/synthesis/submodules/lab4CPU_irq_mapper.sv Line: 31
Info (12021): Found 1 design units, including 1 entities, in source file lab4cpu/synthesis/submodules/lab4cpu_mm_interconnect_0.v
    Info (12023): Found entity 1: lab4CPU_mm_interconnect_0 File: C:/Users/blomqcon/Desktop/ee371Projects/assignment_4/lab4/lab4CPU/synthesis/submodules/lab4CPU_mm_interconnect_0.v Line: 9
Info (12021): Found 1 design units, including 1 entities, in source file lab4cpu/synthesis/submodules/lab4cpu_mm_interconnect_0_avalon_st_adapter.v
    Info (12023): Found entity 1: lab4CPU_mm_interconnect_0_avalon_st_adapter File: C:/Users/blomqcon/Desktop/ee371Projects/assignment_4/lab4/lab4CPU/synthesis/submodules/lab4CPU_mm_interconnect_0_avalon_st_adapter.v Line: 9
Info (12021): Found 1 design units, including 1 entities, in source file lab4cpu/synthesis/submodules/lab4cpu_mm_interconnect_0_avalon_st_adapter_error_adapter_0.sv
    Info (12023): Found entity 1: lab4CPU_mm_interconnect_0_avalon_st_adapter_error_adapter_0 File: C:/Users/blomqcon/Desktop/ee371Projects/assignment_4/lab4/lab4CPU/synthesis/submodules/lab4CPU_mm_interconnect_0_avalon_st_adapter_error_adapter_0.sv Line: 66
Info (12021): Found 2 design units, including 2 entities, in source file lab4cpu/synthesis/submodules/altera_merlin_arbitrator.sv
    Info (12023): Found entity 1: altera_merlin_arbitrator File: C:/Users/blomqcon/Desktop/ee371Projects/assignment_4/lab4/lab4CPU/synthesis/submodules/altera_merlin_arbitrator.sv Line: 103
    Info (12023): Found entity 2: altera_merlin_arb_adder File: C:/Users/blomqcon/Desktop/ee371Projects/assignment_4/lab4/lab4CPU/synthesis/submodules/altera_merlin_arbitrator.sv Line: 228
Info (12021): Found 1 design units, including 1 entities, in source file lab4cpu/synthesis/submodules/lab4cpu_mm_interconnect_0_rsp_mux_001.sv
    Info (12023): Found entity 1: lab4CPU_mm_interconnect_0_rsp_mux_001 File: C:/Users/blomqcon/Desktop/ee371Projects/assignment_4/lab4/lab4CPU/synthesis/submodules/lab4CPU_mm_interconnect_0_rsp_mux_001.sv Line: 51
Info (12021): Found 1 design units, including 1 entities, in source file lab4cpu/synthesis/submodules/lab4cpu_mm_interconnect_0_rsp_mux.sv
    Info (12023): Found entity 1: lab4CPU_mm_interconnect_0_rsp_mux File: C:/Users/blomqcon/Desktop/ee371Projects/assignment_4/lab4/lab4CPU/synthesis/submodules/lab4CPU_mm_interconnect_0_rsp_mux.sv Line: 51
Info (12021): Found 1 design units, including 1 entities, in source file lab4cpu/synthesis/submodules/lab4cpu_mm_interconnect_0_rsp_demux.sv
    Info (12023): Found entity 1: lab4CPU_mm_interconnect_0_rsp_demux File: C:/Users/blomqcon/Desktop/ee371Projects/assignment_4/lab4/lab4CPU/synthesis/submodules/lab4CPU_mm_interconnect_0_rsp_demux.sv Line: 43
Info (12021): Found 1 design units, including 1 entities, in source file lab4cpu/synthesis/submodules/lab4cpu_mm_interconnect_0_cmd_mux_001.sv
    Info (12023): Found entity 1: lab4CPU_mm_interconnect_0_cmd_mux_001 File: C:/Users/blomqcon/Desktop/ee371Projects/assignment_4/lab4/lab4CPU/synthesis/submodules/lab4CPU_mm_interconnect_0_cmd_mux_001.sv Line: 51
Info (12021): Found 1 design units, including 1 entities, in source file lab4cpu/synthesis/submodules/lab4cpu_mm_interconnect_0_cmd_mux.sv
    Info (12023): Found entity 1: lab4CPU_mm_interconnect_0_cmd_mux File: C:/Users/blomqcon/Desktop/ee371Projects/assignment_4/lab4/lab4CPU/synthesis/submodules/lab4CPU_mm_interconnect_0_cmd_mux.sv Line: 51
Info (12021): Found 1 design units, including 1 entities, in source file lab4cpu/synthesis/submodules/lab4cpu_mm_interconnect_0_cmd_demux_001.sv
    Info (12023): Found entity 1: lab4CPU_mm_interconnect_0_cmd_demux_001 File: C:/Users/blomqcon/Desktop/ee371Projects/assignment_4/lab4/lab4CPU/synthesis/submodules/lab4CPU_mm_interconnect_0_cmd_demux_001.sv Line: 43
Info (12021): Found 1 design units, including 1 entities, in source file lab4cpu/synthesis/submodules/lab4cpu_mm_interconnect_0_cmd_demux.sv
    Info (12023): Found entity 1: lab4CPU_mm_interconnect_0_cmd_demux File: C:/Users/blomqcon/Desktop/ee371Projects/assignment_4/lab4/lab4CPU/synthesis/submodules/lab4CPU_mm_interconnect_0_cmd_demux.sv Line: 43
Info (12021): Found 2 design units, including 2 entities, in source file lab4cpu/synthesis/submodules/lab4cpu_mm_interconnect_0_router_003.sv
    Info (12023): Found entity 1: lab4CPU_mm_interconnect_0_router_003_default_decode File: C:/Users/blomqcon/Desktop/ee371Projects/assignment_4/lab4/lab4CPU/synthesis/submodules/lab4CPU_mm_interconnect_0_router_003.sv Line: 45
    Info (12023): Found entity 2: lab4CPU_mm_interconnect_0_router_003 File: C:/Users/blomqcon/Desktop/ee371Projects/assignment_4/lab4/lab4CPU/synthesis/submodules/lab4CPU_mm_interconnect_0_router_003.sv Line: 84
Info (12021): Found 2 design units, including 2 entities, in source file lab4cpu/synthesis/submodules/lab4cpu_mm_interconnect_0_router_002.sv
    Info (12023): Found entity 1: lab4CPU_mm_interconnect_0_router_002_default_decode File: C:/Users/blomqcon/Desktop/ee371Projects/assignment_4/lab4/lab4CPU/synthesis/submodules/lab4CPU_mm_interconnect_0_router_002.sv Line: 45
    Info (12023): Found entity 2: lab4CPU_mm_interconnect_0_router_002 File: C:/Users/blomqcon/Desktop/ee371Projects/assignment_4/lab4/lab4CPU/synthesis/submodules/lab4CPU_mm_interconnect_0_router_002.sv Line: 84
Info (12021): Found 2 design units, including 2 entities, in source file lab4cpu/synthesis/submodules/lab4cpu_mm_interconnect_0_router_001.sv
    Info (12023): Found entity 1: lab4CPU_mm_interconnect_0_router_001_default_decode File: C:/Users/blomqcon/Desktop/ee371Projects/assignment_4/lab4/lab4CPU/synthesis/submodules/lab4CPU_mm_interconnect_0_router_001.sv Line: 45
    Info (12023): Found entity 2: lab4CPU_mm_interconnect_0_router_001 File: C:/Users/blomqcon/Desktop/ee371Projects/assignment_4/lab4/lab4CPU/synthesis/submodules/lab4CPU_mm_interconnect_0_router_001.sv Line: 84
Info (12021): Found 2 design units, including 2 entities, in source file lab4cpu/synthesis/submodules/lab4cpu_mm_interconnect_0_router.sv
    Info (12023): Found entity 1: lab4CPU_mm_interconnect_0_router_default_decode File: C:/Users/blomqcon/Desktop/ee371Projects/assignment_4/lab4/lab4CPU/synthesis/submodules/lab4CPU_mm_interconnect_0_router.sv Line: 45
    Info (12023): Found entity 2: lab4CPU_mm_interconnect_0_router File: C:/Users/blomqcon/Desktop/ee371Projects/assignment_4/lab4/lab4CPU/synthesis/submodules/lab4CPU_mm_interconnect_0_router.sv Line: 84
Info (12021): Found 1 design units, including 1 entities, in source file lab4cpu/synthesis/submodules/altera_avalon_sc_fifo.v
    Info (12023): Found entity 1: altera_avalon_sc_fifo File: C:/Users/blomqcon/Desktop/ee371Projects/assignment_4/lab4/lab4CPU/synthesis/submodules/altera_avalon_sc_fifo.v Line: 21
Info (12021): Found 1 design units, including 1 entities, in source file lab4cpu/synthesis/submodules/altera_merlin_slave_agent.sv
    Info (12023): Found entity 1: altera_merlin_slave_agent File: C:/Users/blomqcon/Desktop/ee371Projects/assignment_4/lab4/lab4CPU/synthesis/submodules/altera_merlin_slave_agent.sv Line: 34
Info (12021): Found 1 design units, including 1 entities, in source file lab4cpu/synthesis/submodules/altera_merlin_burst_uncompressor.sv
    Info (12023): Found entity 1: altera_merlin_burst_uncompressor File: C:/Users/blomqcon/Desktop/ee371Projects/assignment_4/lab4/lab4CPU/synthesis/submodules/altera_merlin_burst_uncompressor.sv Line: 40
Info (12021): Found 1 design units, including 1 entities, in source file lab4cpu/synthesis/submodules/altera_merlin_master_agent.sv
    Info (12023): Found entity 1: altera_merlin_master_agent File: C:/Users/blomqcon/Desktop/ee371Projects/assignment_4/lab4/lab4CPU/synthesis/submodules/altera_merlin_master_agent.sv Line: 28
Info (12021): Found 1 design units, including 1 entities, in source file lab4cpu/synthesis/submodules/altera_merlin_slave_translator.sv
    Info (12023): Found entity 1: altera_merlin_slave_translator File: C:/Users/blomqcon/Desktop/ee371Projects/assignment_4/lab4/lab4CPU/synthesis/submodules/altera_merlin_slave_translator.sv Line: 35
Info (12021): Found 1 design units, including 1 entities, in source file lab4cpu/synthesis/submodules/altera_merlin_master_translator.sv
    Info (12023): Found entity 1: altera_merlin_master_translator File: C:/Users/blomqcon/Desktop/ee371Projects/assignment_4/lab4/lab4CPU/synthesis/submodules/altera_merlin_master_translator.sv Line: 32
Info (12021): Found 1 design units, including 1 entities, in source file lab4cpu/synthesis/submodules/lab4cpu_switches_pio.v
    Info (12023): Found entity 1: lab4CPU_switches_pio File: C:/Users/blomqcon/Desktop/ee371Projects/assignment_4/lab4/lab4CPU/synthesis/submodules/lab4CPU_switches_pio.v Line: 21
Info (12021): Found 1 design units, including 1 entities, in source file lab4cpu/synthesis/submodules/lab4cpu_onchip_mem.v
    Info (12023): Found entity 1: lab4CPU_onchip_mem File: C:/Users/blomqcon/Desktop/ee371Projects/assignment_4/lab4/lab4CPU/synthesis/submodules/lab4CPU_onchip_mem.v Line: 21
Info (12021): Found 1 design units, including 1 entities, in source file lab4cpu/synthesis/submodules/lab4cpu_led_pio.v
    Info (12023): Found entity 1: lab4CPU_led_pio File: C:/Users/blomqcon/Desktop/ee371Projects/assignment_4/lab4/lab4CPU/synthesis/submodules/lab4CPU_led_pio.v Line: 21
Info (12021): Found 5 design units, including 5 entities, in source file lab4cpu/synthesis/submodules/lab4cpu_jtag_uart.v
    Info (12023): Found entity 1: lab4CPU_jtag_uart_sim_scfifo_w File: C:/Users/blomqcon/Desktop/ee371Projects/assignment_4/lab4/lab4CPU/synthesis/submodules/lab4CPU_jtag_uart.v Line: 21
    Info (12023): Found entity 2: lab4CPU_jtag_uart_scfifo_w File: C:/Users/blomqcon/Desktop/ee371Projects/assignment_4/lab4/lab4CPU/synthesis/submodules/lab4CPU_jtag_uart.v Line: 77
    Info (12023): Found entity 3: lab4CPU_jtag_uart_sim_scfifo_r File: C:/Users/blomqcon/Desktop/ee371Projects/assignment_4/lab4/lab4CPU/synthesis/submodules/lab4CPU_jtag_uart.v Line: 162
    Info (12023): Found entity 4: lab4CPU_jtag_uart_scfifo_r File: C:/Users/blomqcon/Desktop/ee371Projects/assignment_4/lab4/lab4CPU/synthesis/submodules/lab4CPU_jtag_uart.v Line: 240
    Info (12023): Found entity 5: lab4CPU_jtag_uart File: C:/Users/blomqcon/Desktop/ee371Projects/assignment_4/lab4/lab4CPU/synthesis/submodules/lab4CPU_jtag_uart.v Line: 327
Info (12021): Found 21 design units, including 21 entities, in source file lab4cpu/synthesis/submodules/lab4cpu_cpu.v
    Info (12023): Found entity 1: lab4CPU_cpu_register_bank_a_module File: C:/Users/blomqcon/Desktop/ee371Projects/assignment_4/lab4/lab4CPU/synthesis/submodules/lab4CPU_cpu.v Line: 21
    Info (12023): Found entity 2: lab4CPU_cpu_register_bank_b_module File: C:/Users/blomqcon/Desktop/ee371Projects/assignment_4/lab4/lab4CPU/synthesis/submodules/lab4CPU_cpu.v Line: 86
    Info (12023): Found entity 3: lab4CPU_cpu_nios2_oci_debug File: C:/Users/blomqcon/Desktop/ee371Projects/assignment_4/lab4/lab4CPU/synthesis/submodules/lab4CPU_cpu.v Line: 151
    Info (12023): Found entity 4: lab4CPU_cpu_ociram_sp_ram_module File: C:/Users/blomqcon/Desktop/ee371Projects/assignment_4/lab4/lab4CPU/synthesis/submodules/lab4CPU_cpu.v Line: 292
    Info (12023): Found entity 5: lab4CPU_cpu_nios2_ocimem File: C:/Users/blomqcon/Desktop/ee371Projects/assignment_4/lab4/lab4CPU/synthesis/submodules/lab4CPU_cpu.v Line: 355
    Info (12023): Found entity 6: lab4CPU_cpu_nios2_avalon_reg File: C:/Users/blomqcon/Desktop/ee371Projects/assignment_4/lab4/lab4CPU/synthesis/submodules/lab4CPU_cpu.v Line: 536
    Info (12023): Found entity 7: lab4CPU_cpu_nios2_oci_break File: C:/Users/blomqcon/Desktop/ee371Projects/assignment_4/lab4/lab4CPU/synthesis/submodules/lab4CPU_cpu.v Line: 628
    Info (12023): Found entity 8: lab4CPU_cpu_nios2_oci_xbrk File: C:/Users/blomqcon/Desktop/ee371Projects/assignment_4/lab4/lab4CPU/synthesis/submodules/lab4CPU_cpu.v Line: 922
    Info (12023): Found entity 9: lab4CPU_cpu_nios2_oci_dbrk File: C:/Users/blomqcon/Desktop/ee371Projects/assignment_4/lab4/lab4CPU/synthesis/submodules/lab4CPU_cpu.v Line: 1128
    Info (12023): Found entity 10: lab4CPU_cpu_nios2_oci_itrace File: C:/Users/blomqcon/Desktop/ee371Projects/assignment_4/lab4/lab4CPU/synthesis/submodules/lab4CPU_cpu.v Line: 1314
    Info (12023): Found entity 11: lab4CPU_cpu_nios2_oci_td_mode File: C:/Users/blomqcon/Desktop/ee371Projects/assignment_4/lab4/lab4CPU/synthesis/submodules/lab4CPU_cpu.v Line: 1637
    Info (12023): Found entity 12: lab4CPU_cpu_nios2_oci_dtrace File: C:/Users/blomqcon/Desktop/ee371Projects/assignment_4/lab4/lab4CPU/synthesis/submodules/lab4CPU_cpu.v Line: 1704
    Info (12023): Found entity 13: lab4CPU_cpu_nios2_oci_compute_input_tm_cnt File: C:/Users/blomqcon/Desktop/ee371Projects/assignment_4/lab4/lab4CPU/synthesis/submodules/lab4CPU_cpu.v Line: 1798
    Info (12023): Found entity 14: lab4CPU_cpu_nios2_oci_fifo_wrptr_inc File: C:/Users/blomqcon/Desktop/ee371Projects/assignment_4/lab4/lab4CPU/synthesis/submodules/lab4CPU_cpu.v Line: 1869
    Info (12023): Found entity 15: lab4CPU_cpu_nios2_oci_fifo_cnt_inc File: C:/Users/blomqcon/Desktop/ee371Projects/assignment_4/lab4/lab4CPU/synthesis/submodules/lab4CPU_cpu.v Line: 1911
    Info (12023): Found entity 16: lab4CPU_cpu_nios2_oci_fifo File: C:/Users/blomqcon/Desktop/ee371Projects/assignment_4/lab4/lab4CPU/synthesis/submodules/lab4CPU_cpu.v Line: 1957
    Info (12023): Found entity 17: lab4CPU_cpu_nios2_oci_pib File: C:/Users/blomqcon/Desktop/ee371Projects/assignment_4/lab4/lab4CPU/synthesis/submodules/lab4CPU_cpu.v Line: 2458
    Info (12023): Found entity 18: lab4CPU_cpu_nios2_oci_im File: C:/Users/blomqcon/Desktop/ee371Projects/assignment_4/lab4/lab4CPU/synthesis/submodules/lab4CPU_cpu.v Line: 2526
    Info (12023): Found entity 19: lab4CPU_cpu_nios2_performance_monitors File: C:/Users/blomqcon/Desktop/ee371Projects/assignment_4/lab4/lab4CPU/synthesis/submodules/lab4CPU_cpu.v Line: 2642
    Info (12023): Found entity 20: lab4CPU_cpu_nios2_oci File: C:/Users/blomqcon/Desktop/ee371Projects/assignment_4/lab4/lab4CPU/synthesis/submodules/lab4CPU_cpu.v Line: 2658
    Info (12023): Found entity 21: lab4CPU_cpu File: C:/Users/blomqcon/Desktop/ee371Projects/assignment_4/lab4/lab4CPU/synthesis/submodules/lab4CPU_cpu.v Line: 3166
Info (12021): Found 1 design units, including 1 entities, in source file lab4cpu/synthesis/submodules/lab4cpu_cpu_jtag_debug_module_sysclk.v
    Info (12023): Found entity 1: lab4CPU_cpu_jtag_debug_module_sysclk File: C:/Users/blomqcon/Desktop/ee371Projects/assignment_4/lab4/lab4CPU/synthesis/submodules/lab4CPU_cpu_jtag_debug_module_sysclk.v Line: 21
Info (12021): Found 1 design units, including 1 entities, in source file lab4cpu/synthesis/submodules/lab4cpu_cpu_jtag_debug_module_tck.v
    Info (12023): Found entity 1: lab4CPU_cpu_jtag_debug_module_tck File: C:/Users/blomqcon/Desktop/ee371Projects/assignment_4/lab4/lab4CPU/synthesis/submodules/lab4CPU_cpu_jtag_debug_module_tck.v Line: 21
Info (12021): Found 1 design units, including 1 entities, in source file lab4cpu/synthesis/submodules/lab4cpu_cpu_jtag_debug_module_wrapper.v
    Info (12023): Found entity 1: lab4CPU_cpu_jtag_debug_module_wrapper File: C:/Users/blomqcon/Desktop/ee371Projects/assignment_4/lab4/lab4CPU/synthesis/submodules/lab4CPU_cpu_jtag_debug_module_wrapper.v Line: 21
Info (12021): Found 1 design units, including 1 entities, in source file lab4cpu/synthesis/submodules/lab4cpu_cpu_oci_test_bench.v
    Info (12023): Found entity 1: lab4CPU_cpu_oci_test_bench File: C:/Users/blomqcon/Desktop/ee371Projects/assignment_4/lab4/lab4CPU/synthesis/submodules/lab4CPU_cpu_oci_test_bench.v Line: 21
Info (12021): Found 1 design units, including 1 entities, in source file lab4cpu/synthesis/submodules/lab4cpu_cpu_test_bench.v
    Info (12023): Found entity 1: lab4CPU_cpu_test_bench File: C:/Users/blomqcon/Desktop/ee371Projects/assignment_4/lab4/lab4CPU/synthesis/submodules/lab4CPU_cpu_test_bench.v Line: 21
Info (12021): Found 1 design units, including 1 entities, in source file serial_com_code/counter4.sv
    Info (12023): Found entity 1: Counter4 File: C:/Users/blomqcon/Desktop/ee371Projects/assignment_4/lab4/serial_com_code/Counter4.sv Line: 1
Info (12021): Found 1 design units, including 1 entities, in source file nios2_quartus2_project.bdf
    Info (12023): Found entity 1: nios2_quartus2_project
Info (12021): Found 1 design units, including 1 entities, in source file de1_soc.sv
    Info (12023): Found entity 1: DE1_SoC File: C:/Users/blomqcon/Desktop/ee371Projects/assignment_4/lab4/DE1_SoC.sv Line: 1
Info (12021): Found 1 design units, including 1 entities, in source file serial_com_code/dflipflop.sv
    Info (12023): Found entity 1: DFlipFlop File: C:/Users/blomqcon/Desktop/ee371Projects/assignment_4/lab4/serial_com_code/DFlipFlop.sv Line: 1
Info (12021): Found 1 design units, including 1 entities, in source file serial_com_code/startbitdetect.sv
    Info (12023): Found entity 1: StartBitDetect File: C:/Users/blomqcon/Desktop/ee371Projects/assignment_4/lab4/serial_com_code/StartBitDetect.sv Line: 1
Error (10170): Verilog HDL syntax error at BitSampleCount.sv(10) near text: "'1";  expecting ")". Check for and fix any syntax errors that appear immediately before or at the specified keyword. The Altera Knowledge Database contains many articles with specific details on how to resolve this error. Visit the Knowledge Database at https://www.altera.com/support/support-resources/knowledge-base/search.html and search for this specific error message number. File: C:/Users/blomqcon/Desktop/ee371Projects/assignment_4/lab4/serial_com_code/BitSampleCount.sv Line: 10
Error (10170): Verilog HDL syntax error at BitSampleCount.sv(13) near text: "else";  expecting "end". Check for and fix any syntax errors that appear immediately before or at the specified keyword. The Altera Knowledge Database contains many articles with specific details on how to resolve this error. Visit the Knowledge Database at https://www.altera.com/support/support-resources/knowledge-base/search.html and search for this specific error message number. File: C:/Users/blomqcon/Desktop/ee371Projects/assignment_4/lab4/serial_com_code/BitSampleCount.sv Line: 13
Error (10170): Verilog HDL syntax error at BitSampleCount.sv(13) near text: "'0";  expecting ")". Check for and fix any syntax errors that appear immediately before or at the specified keyword. The Altera Knowledge Database contains many articles with specific details on how to resolve this error. Visit the Knowledge Database at https://www.altera.com/support/support-resources/knowledge-base/search.html and search for this specific error message number. File: C:/Users/blomqcon/Desktop/ee371Projects/assignment_4/lab4/serial_com_code/BitSampleCount.sv Line: 13
Error (10170): Verilog HDL syntax error at BitSampleCount.sv(16) near text: "else";  expecting "end". Check for and fix any syntax errors that appear immediately before or at the specified keyword. The Altera Knowledge Database contains many articles with specific details on how to resolve this error. Visit the Knowledge Database at https://www.altera.com/support/support-resources/knowledge-base/search.html and search for this specific error message number. File: C:/Users/blomqcon/Desktop/ee371Projects/assignment_4/lab4/serial_com_code/BitSampleCount.sv Line: 16
Error (10112): Ignored design unit "BitSampleCount" at BitSampleCount.sv(1) due to previous errors File: C:/Users/blomqcon/Desktop/ee371Projects/assignment_4/lab4/serial_com_code/BitSampleCount.sv Line: 1
Info (12021): Found 0 design units, including 0 entities, in source file serial_com_code/bitsamplecount.sv
Info (12021): Found 1 design units, including 1 entities, in source file serial_com_code/bitidentifiercount.sv
    Info (12023): Found entity 1: BitIdentifierCount File: C:/Users/blomqcon/Desktop/ee371Projects/assignment_4/lab4/serial_com_code/BitIdentifierCount.sv Line: 1
Info (144001): Generated suppressed messages file C:/Users/blomqcon/Desktop/ee371Projects/assignment_4/lab4/nios2_quartus2_project.map.smsg
Error: Quartus Prime Analysis & Elaboration was unsuccessful. 5 errors, 0 warnings
    Error: Peak virtual memory: 854 megabytes
    Error: Processing ended: Tue Feb 16 13:11:38 2016
    Error: Elapsed time: 00:00:10
    Error: Total CPU time (on all processors): 00:00:23


+--------------------------------------------+
; Analysis & Elaboration Suppressed Messages ;
+--------------------------------------------+
The suppressed messages can be found in C:/Users/blomqcon/Desktop/ee371Projects/assignment_4/lab4/nios2_quartus2_project.map.smsg.


