14:16:24 **** Build of configuration Nios II for project hello_cli_test ****
make all 
Info: Building ../hello_cli_test_bsp/
C:/altera/15.1/nios2eds/bin/gnu/H-x86_64-mingw32/bin/make --no-print-directory -C ../hello_cli_test_bsp/
[BSP build complete]
Info: Compiling hello_world_small.c to obj/default/hello_world_small.o
nios2-elf-gcc -xc -MP -MMD -c -I../hello_cli_test_bsp//HAL/inc -I../hello_cli_test_bsp/ -I../hello_cli_test_bsp//drivers/inc  -pipe -D__hal__ -DALT_NO_C_PLUS_PLUS -DALT_NO_CLEAN_EXIT -D'exit(a)=_exit(a)' -DALT_NO_EXIT -DALT_USE_DIRECT_DRIVERS -DALT_NO_INSTRUCTION_EMULATION -DALT_USE_SMALL_DRIVERS -DSMALL_C_LIB -DALT_SINGLE_THREADED    -Os -g -Wall   -mno-hw-div -mno-hw-mul -mno-hw-mulx  -o obj/default/hello_world_small.o hello_world_small.c
Info: Linking hello_cli_test.elf
nios2-elf-g++  -T'../hello_cli_test_bsp//linker.x' -msys-crt0='../hello_cli_test_bsp//obj/HAL/src/crt0.o' -msys-lib=hal_bsp -L../hello_cli_test_bsp/  -msmallc  -Wl,-Map=hello_cli_test.map   -Os -g -Wall   -mno-hw-div -mno-hw-mul -mno-hw-mulx  -o hello_cli_test.elf obj/default/hello_world_small.o -lm -msys-lib=m
nios2-elf-insert hello_cli_test.elf --thread_model hal --cpu_name cpu --qsys true --simulation_enabled false --stderr_dev jtag_uart --stdin_dev jtag_uart --stdout_dev jtag_uart --sopc_system_name lab5CPU --quartus_project_dir "C:/Users/blomqcon/Desktop/ee371Projects/assignment_5/lab5" --jdi C:/Users/blomqcon/Desktop/ee371Projects/assignment_5/lab5/software/hello_cli_test_bsp/../../nios2_quartus2_project.jdi --sopcinfo C:/Users/blomqcon/Desktop/ee371Projects/assignment_5/lab5/software/hello_cli_test_bsp/../../lab5CPU.sopcinfo
Info: (hello_cli_test.elf) 636 Bytes program size (code + initialized data).
Info:                      7552 Bytes free for stack + heap.
Info: Creating hello_cli_test.objdump
nios2-elf-objdump --disassemble --syms --all-header --source hello_cli_test.elf >hello_cli_test.objdump
[hello_cli_test build complete]
14:16:34 **** Build of configuration Nios II for project hello_cli_test ****
make all 
Info: Building ../hello_cli_test_bsp/
C:/altera/15.1/nios2eds/bin/gnu/H-x86_64-mingw32/bin/make --no-print-directory -C ../hello_cli_test_bsp/
[BSP build complete]
[hello_cli_test build complete]
14:16:36 **** Incremental Build of configuration Nios II for project hello_cli_test ****
make all 
Info: Building ../hello_cli_test_bsp/
C:/altera/15.1/nios2eds/bin/gnu/H-x86_64-mingw32/bin/make --no-print-directory -C ../hello_cli_test_bsp/
[BSP build complete]
[hello_cli_test build complete]
