Assembler report for DE1_SoC
Tue Jan 12 14:07:38 2016
Quartus II 64-Bit Version 14.0.0 Build 200 06/17/2014 SJ Web Edition


---------------------
; Table of Contents ;
---------------------
  1. Legal Notice
  2. Assembler Summary
  3. Assembler Settings
  4. Assembler Encrypted IP Cores Summary
  5. Assembler Generated Files
  6. Assembler Device Options: D:/University of Washington/Classes/8_Winter_2015/E E 371/ee371Projects/assignment_1/counter_2/quartas_dataflow/output_files/DE1_SoC.sof
  7. Assembler Messages



----------------
; Legal Notice ;
----------------
Copyright (C) 1991-2014 Altera Corporation. All rights reserved.
Your use of Altera Corporation's design tools, logic functions 
and other software and tools, and its AMPP partner logic 
functions, and any output files from any of the foregoing 
(including device programming or simulation files), and any 
associated documentation or information are expressly subject 
to the terms and conditions of the Altera Program License 
Subscription Agreement, the Altera Quartus II License Agreement,
the Altera MegaCore Function License Agreement, or other 
applicable license agreement, including, without limitation, 
that your use is for the sole purpose of programming logic 
devices manufactured by Altera and sold by Altera or its 
authorized distributors.  Please refer to the applicable 
agreement for further details.



+---------------------------------------------------------------+
; Assembler Summary                                             ;
+-----------------------+---------------------------------------+
; Assembler Status      ; Successful - Tue Jan 12 14:07:38 2016 ;
; Revision Name         ; DE1_SoC                               ;
; Top-level Entity Name ; DE1_SoC                               ;
; Family                ; Cyclone V                             ;
; Device                ; 5CSEMA5F31C6                          ;
+-----------------------+---------------------------------------+


+----------------------------------+
; Assembler Settings               ;
+--------+---------+---------------+
; Option ; Setting ; Default Value ;
+--------+---------+---------------+


+------------------------------------------------+
; Assembler Encrypted IP Cores Summary           ;
+--------+------------------------+--------------+
; Vendor ; IP Core Name           ; License Type ;
+--------+------------------------+--------------+
; Altera ; Signal Tap (6AF7 BCE1) ; Licensed     ;
; Altera ; Signal Tap (6AF7 BCEC) ; Licensed     ;
+--------+------------------------+--------------+


+------------------------------------------------------------------------------------------------------------------------------------------+
; Assembler Generated Files                                                                                                                ;
+------------------------------------------------------------------------------------------------------------------------------------------+
; File Name                                                                                                                                ;
+------------------------------------------------------------------------------------------------------------------------------------------+
; D:/University of Washington/Classes/8_Winter_2015/E E 371/ee371Projects/assignment_1/counter_2/quartas_dataflow/output_files/DE1_SoC.sof ;
+------------------------------------------------------------------------------------------------------------------------------------------+


+--------------------------------------------------------------------------------------------------------------------------------------------------------------------+
; Assembler Device Options: D:/University of Washington/Classes/8_Winter_2015/E E 371/ee371Projects/assignment_1/counter_2/quartas_dataflow/output_files/DE1_SoC.sof ;
+----------------+---------------------------------------------------------------------------------------------------------------------------------------------------+
; Option         ; Setting                                                                                                                                           ;
+----------------+---------------------------------------------------------------------------------------------------------------------------------------------------+
; Device         ; 5CSEMA5F31C6                                                                                                                                      ;
; JTAG usercode  ; 0x00BDB61A                                                                                                                                        ;
; Checksum       ; 0x00BDB61A                                                                                                                                        ;
+----------------+---------------------------------------------------------------------------------------------------------------------------------------------------+


+--------------------+
; Assembler Messages ;
+--------------------+
Info: *******************************************************************
Info: Running Quartus II 64-Bit Assembler
    Info: Version 14.0.0 Build 200 06/17/2014 SJ Web Edition
    Info: Processing started: Tue Jan 12 14:07:29 2016
Info: Command: quartus_asm --read_settings_files=off --write_settings_files=off DE1_SoC -c DE1_SoC
Info (115030): Assembler is generating device programming files
Info: Quartus II 64-Bit Assembler was successful. 0 errors, 0 warnings
    Info: Peak virtual memory: 700 megabytes
    Info: Processing ended: Tue Jan 12 14:07:38 2016
    Info: Elapsed time: 00:00:09
    Info: Total CPU time (on all processors): 00:00:09


