Assembler report for nios2_quartus2_project
Tue Feb 09 15:27:07 2016
Quartus Prime Version 15.1.1 Build 189 12/02/2015 SJ Standard Edition


---------------------
; Table of Contents ;
---------------------
  1. Legal Notice
  2. Assembler Summary
  3. Assembler Settings
  4. Assembler Encrypted IP Cores Summary
  5. Assembler Generated Files
  6. Assembler Device Options: E:/371_Lab_3/lights_and_switchs/nios2_quartus2_project.sof
  7. Assembler Device Options: E:/371_Lab_3/lights_and_switchs/nios2_quartus2_project.ttf
  8. Assembler Messages



----------------
; Legal Notice ;
----------------
Copyright (C) 1991-2015 Altera Corporation. All rights reserved.
Your use of Altera Corporation's design tools, logic functions 
and other software and tools, and its AMPP partner logic 
functions, and any output files from any of the foregoing 
(including device programming or simulation files), and any 
associated documentation or information are expressly subject 
to the terms and conditions of the Altera Program License 
Subscription Agreement, the Altera Quartus Prime License Agreement,
the Altera MegaCore Function License Agreement, or other 
applicable license agreement, including, without limitation, 
that your use is for the sole purpose of programming logic 
devices manufactured by Altera and sold by Altera or its 
authorized distributors.  Please refer to the applicable 
agreement for further details.



+---------------------------------------------------------------+
; Assembler Summary                                             ;
+-----------------------+---------------------------------------+
; Assembler Status      ; Successful - Tue Feb 09 15:27:07 2016 ;
; Revision Name         ; nios2_quartus2_project                ;
; Top-level Entity Name ; DE1_SoC                               ;
; Family                ; Cyclone V                             ;
; Device                ; 5CSEMA5F31C6                          ;
+-----------------------+---------------------------------------+


+----------------------------------+
; Assembler Settings               ;
+--------+---------+---------------+
; Option ; Setting ; Default Value ;
+--------+---------+---------------+


+------------------------------------------------+
; Assembler Encrypted IP Cores Summary           ;
+--------+------------------------+--------------+
; Vendor ; IP Core Name           ; License Type ;
+--------+------------------------+--------------+
; Altera ; Signal Tap (6AF7 BCE1) ; Licensed     ;
; Altera ; Signal Tap (6AF7 BCEC) ; Licensed     ;
+--------+------------------------+--------------+


+------------------------------------------------------------+
; Assembler Generated Files                                  ;
+------------------------------------------------------------+
; File Name                                                  ;
+------------------------------------------------------------+
; E:/371_Lab_3/lights_and_switchs/nios2_quartus2_project.sof ;
; E:/371_Lab_3/lights_and_switchs/nios2_quartus2_project.ttf ;
+------------------------------------------------------------+


+--------------------------------------------------------------------------------------+
; Assembler Device Options: E:/371_Lab_3/lights_and_switchs/nios2_quartus2_project.sof ;
+----------------+---------------------------------------------------------------------+
; Option         ; Setting                                                             ;
+----------------+---------------------------------------------------------------------+
; Device         ; 5CSEMA5F31C6                                                        ;
; JTAG usercode  ; 0xFFFFFFFF                                                          ;
; Checksum       ; 0x028E0D0C                                                          ;
+----------------+---------------------------------------------------------------------+


+--------------------------------------------------------------------------------------+
; Assembler Device Options: E:/371_Lab_3/lights_and_switchs/nios2_quartus2_project.ttf ;
+--------------------+-----------------------------------------------------------------+
; Option             ; Setting                                                         ;
+--------------------+-----------------------------------------------------------------+
; Tabular Text File  ;                                                                 ;
+--------------------+-----------------------------------------------------------------+


+--------------------+
; Assembler Messages ;
+--------------------+
Info: *******************************************************************
Info: Running Quartus Prime Assembler
    Info: Version 15.1.1 Build 189 12/02/2015 SJ Standard Edition
    Info: Processing started: Tue Feb 09 15:26:28 2016
Info: Command: quartus_asm --read_settings_files=off --write_settings_files=off nios2_quartus2_project -c nios2_quartus2_project
Info (115030): Assembler is generating device programming files
Info: Quartus Prime Assembler was successful. 0 errors, 0 warnings
    Info: Peak virtual memory: 1051 megabytes
    Info: Processing ended: Tue Feb 09 15:27:08 2016
    Info: Elapsed time: 00:00:40
    Info: Total CPU time (on all processors): 00:00:20


