Flow report for nios2_quartus2_project
<<<<<<< HEAD
Tue Feb 23 03:41:14 2016
=======
Mon Feb 22 18:44:06 2016
>>>>>>> f6773cc3ced225fd535626b263df39f9344668ec
Quartus Prime Version 15.1.1 Build 189 12/02/2015 SJ Standard Edition


---------------------
; Table of Contents ;
---------------------
  1. Legal Notice
  2. Flow Summary
  3. Flow Settings
  4. Flow Non-Default Global Settings
  5. Flow Elapsed Time
  6. Flow OS Summary
  7. Flow Log
  8. Flow Messages
  9. Flow Suppressed Messages



----------------
; Legal Notice ;
----------------
Copyright (C) 1991-2015 Altera Corporation. All rights reserved.
Your use of Altera Corporation's design tools, logic functions 
and other software and tools, and its AMPP partner logic 
functions, and any output files from any of the foregoing 
(including device programming or simulation files), and any 
associated documentation or information are expressly subject 
to the terms and conditions of the Altera Program License 
Subscription Agreement, the Altera Quartus Prime License Agreement,
the Altera MegaCore Function License Agreement, or other 
applicable license agreement, including, without limitation, 
that your use is for the sole purpose of programming logic 
devices manufactured by Altera and sold by Altera or its 
authorized distributors.  Please refer to the applicable 
agreement for further details.



+-----------------------------------------------------------------------------------+
; Flow Summary                                                                      ;
+---------------------------------+-------------------------------------------------+
<<<<<<< HEAD
; Flow Status                     ; Successful - Tue Feb 23 03:41:02 2016           ;
=======
; Flow Status                     ; Successful - Mon Feb 22 18:43:50 2016           ;
>>>>>>> f6773cc3ced225fd535626b263df39f9344668ec
; Quartus Prime Version           ; 15.1.1 Build 189 12/02/2015 SJ Standard Edition ;
; Revision Name                   ; nios2_quartus2_project                          ;
; Top-level Entity Name           ; DE1_SoC                                         ;
; Family                          ; Cyclone V                                       ;
; Device                          ; 5CSEMA5F31C6                                    ;
; Timing Models                   ; Final                                           ;
<<<<<<< HEAD
; Logic utilization (in ALMs)     ; 771 / 32,070 ( 2 % )                            ;
; Total registers                 ; 1122                                            ;
=======
; Logic utilization (in ALMs)     ; 759 / 32,070 ( 2 % )                            ;
; Total registers                 ; 1106                                            ;
>>>>>>> f6773cc3ced225fd535626b263df39f9344668ec
; Total pins                      ; 21 / 457 ( 5 % )                                ;
; Total virtual pins              ; 0                                               ;
; Total block memory bits         ; 142,336 / 4,065,280 ( 4 % )                     ;
; Total DSP Blocks                ; 0 / 87 ( 0 % )                                  ;
; Total HSSI RX PCSs              ; 0                                               ;
; Total HSSI PMA RX Deserializers ; 0                                               ;
; Total HSSI TX PCSs              ; 0                                               ;
; Total HSSI PMA TX Serializers   ; 0                                               ;
; Total PLLs                      ; 0 / 6 ( 0 % )                                   ;
; Total DLLs                      ; 0 / 4 ( 0 % )                                   ;
+---------------------------------+-------------------------------------------------+


+--------------------------------------------+
; Flow Settings                              ;
+-------------------+------------------------+
; Option            ; Setting                ;
+-------------------+------------------------+
<<<<<<< HEAD
; Start date & time ; 02/23/2016 03:38:51    ;
=======
; Start date & time ; 02/22/2016 18:30:02    ;
>>>>>>> f6773cc3ced225fd535626b263df39f9344668ec
; Main task         ; Compilation            ;
; Revision Name     ; nios2_quartus2_project ;
+-------------------+------------------------+


+-----------------------------------------------------------------------------------------------------------------------------------------------------+
; Flow Non-Default Global Settings                                                                                                                    ;
+-------------------------------------+-----------------------------------------------------------+------------------------+-------------+------------+
; Assignment Name                     ; Value                                                     ; Default Value          ; Entity Name ; Section Id ;
+-------------------------------------+-----------------------------------------------------------+------------------------+-------------+------------+
<<<<<<< HEAD
; COMPILER_SIGNATURE_ID               ; 203178703705033.145622753105460                           ; --                     ; --          ; --         ;
=======
; COMPILER_SIGNATURE_ID               ; 203178703704719.145619460107672                           ; --                     ; --          ; --         ;
>>>>>>> f6773cc3ced225fd535626b263df39f9344668ec
; MAX_CORE_JUNCTION_TEMP              ; 85                                                        ; --                     ; --          ; --         ;
; MIN_CORE_JUNCTION_TEMP              ; 0                                                         ; --                     ; --          ; --         ;
; MISC_FILE                           ; lab4CPU/synthesis/../lab4CPU.cmp                          ; --                     ; --          ; --         ;
; MISC_FILE                           ; lab4CPU/synthesis/../../lab4CPU.qsys                      ; --                     ; --          ; --         ;
; OUTPUT_IO_TIMING_FAR_END_VMEAS      ; Half Signal Swing                                         ; --                     ; --          ; --         ;
; OUTPUT_IO_TIMING_FAR_END_VMEAS      ; Half Signal Swing                                         ; --                     ; --          ; --         ;
; OUTPUT_IO_TIMING_NEAR_END_VMEAS     ; Half Vccio                                                ; --                     ; --          ; --         ;
; OUTPUT_IO_TIMING_NEAR_END_VMEAS     ; Half Vccio                                                ; --                     ; --          ; --         ;
; PARTITION_COLOR                     ; 16764057                                                  ; --                     ; DE1_SoC     ; Top        ;
; PARTITION_FITTER_PRESERVATION_LEVEL ; PLACEMENT_AND_ROUTING                                     ; --                     ; DE1_SoC     ; Top        ;
; PARTITION_NETLIST_TYPE              ; SOURCE                                                    ; --                     ; DE1_SoC     ; Top        ;
; POWER_BOARD_THERMAL_MODEL           ; None (CONSERVATIVE)                                       ; --                     ; --          ; --         ;
; POWER_PRESET_COOLING_SOLUTION       ; 23 MM HEAT SINK WITH 200 LFPM AIRFLOW                     ; --                     ; --          ; --         ;
; SLD_FILE                            ; lab4CPU/synthesis/lab4CPU.regmap                          ; --                     ; --          ; --         ;
; SLD_FILE                            ; lab4CPU/synthesis/lab4CPU.debuginfo                       ; --                     ; --          ; --         ;
<<<<<<< HEAD
; SLD_INFO                            ; QSYS_NAME lab4CPU HAS_SOPCINFO 1 GENERATION_ID 1456227377 ; --                     ; lab4CPU     ; --         ;
=======
; SLD_INFO                            ; QSYS_NAME lab4CPU HAS_SOPCINFO 1 GENERATION_ID 1456194553 ; --                     ; lab4CPU     ; --         ;
>>>>>>> f6773cc3ced225fd535626b263df39f9344668ec
; SMART_RECOMPILE                     ; On                                                        ; Off                    ; --          ; --         ;
; SOPCINFO_FILE                       ; lab4CPU/synthesis/../../lab4CPU.sopcinfo                  ; --                     ; --          ; --         ;
; SYNTHESIS_ONLY_QIP                  ; On                                                        ; --                     ; --          ; --         ;
; TOP_LEVEL_ENTITY                    ; DE1_SoC                                                   ; nios2_quartus2_project ; --          ; --         ;
+-------------------------------------+-----------------------------------------------------------+------------------------+-------------+------------+


+-------------------------------------------------------------------------------------------------------------------------------+
; Flow Elapsed Time                                                                                                             ;
+---------------------------+--------------+-------------------------+---------------------+------------------------------------+
; Module Name               ; Elapsed Time ; Average Processors Used ; Peak Virtual Memory ; Total CPU Time (on all processors) ;
+---------------------------+--------------+-------------------------+---------------------+------------------------------------+
<<<<<<< HEAD
; Analysis & Synthesis      ; 00:00:55     ; 1.0                     ; 1032 MB             ; 00:01:50                           ;
; Fitter                    ; 00:00:56     ; 1.1                     ; 2787 MB             ; 00:02:00                           ;
; Assembler                 ; 00:00:11     ; 1.0                     ; 897 MB              ; 00:00:11                           ;
; TimeQuest Timing Analyzer ; 00:00:09     ; 1.9                     ; 1260 MB             ; 00:00:12                           ;
; Total                     ; 00:02:11     ; --                      ; --                  ; 00:04:13                           ;
=======
; Analysis & Synthesis      ; 00:00:55     ; 1.0                     ; 1030 MB             ; 00:01:48                           ;
; Fitter                    ; 00:07:00     ; 1.0                     ; 2801 MB             ; 00:08:02                           ;
; Assembler                 ; 00:00:13     ; 1.0                     ; 903 MB              ; 00:00:11                           ;
; TimeQuest Timing Analyzer ; 00:00:12     ; 1.5                     ; 1262 MB             ; 00:00:17                           ;
; Total                     ; 00:08:20     ; --                      ; --                  ; 00:10:18                           ;
>>>>>>> f6773cc3ced225fd535626b263df39f9344668ec
+---------------------------+--------------+-------------------------+---------------------+------------------------------------+


+----------------------------------------------------------------------------------------+
; Flow OS Summary                                                                        ;
+---------------------------+------------------+-----------+------------+----------------+
; Module Name               ; Machine Hostname ; OS Name   ; OS Version ; Processor type ;
+---------------------------+------------------+-----------+------------+----------------+
<<<<<<< HEAD
; Analysis & Synthesis      ; EE-137PC32       ; Windows 8 ; 6.2        ; x86_64         ;
; Fitter                    ; EE-137PC32       ; Windows 8 ; 6.2        ; x86_64         ;
; Assembler                 ; EE-137PC32       ; Windows 8 ; 6.2        ; x86_64         ;
; TimeQuest Timing Analyzer ; EE-137PC32       ; Windows 8 ; 6.2        ; x86_64         ;
=======
; Analysis & Synthesis      ; EE-137PC31       ; Windows 8 ; 6.2        ; x86_64         ;
; Fitter                    ; EE-137PC31       ; Windows 8 ; 6.2        ; x86_64         ;
; Assembler                 ; EE-137PC31       ; Windows 8 ; 6.2        ; x86_64         ;
; TimeQuest Timing Analyzer ; EE-137PC31       ; Windows 8 ; 6.2        ; x86_64         ;
>>>>>>> f6773cc3ced225fd535626b263df39f9344668ec
+---------------------------+------------------+-----------+------------+----------------+


------------
; Flow Log ;
------------
quartus_map --read_settings_files=on --write_settings_files=off nios2_quartus2_project -c nios2_quartus2_project
quartus_fit --read_settings_files=on --write_settings_files=off nios2_quartus2_project -c nios2_quartus2_project
quartus_asm --read_settings_files=off --write_settings_files=off nios2_quartus2_project -c nios2_quartus2_project
quartus_sta nios2_quartus2_project -c nios2_quartus2_project



